  ClassFactoryCstm.cpp
  Component.cpp
  FuncRealisation.cpp
  GUIDs.cpp
  Registry.cpp
e:\downloads\web\semester 3.1\component oriented programing\lab_1\component\component\registry.cpp(67): warning C4996: 'strcpy': This function or variable may be unsafe. Consider using strcpy_s instead. To disable deprecation, use _CRT_SECURE_NO_WARNINGS. See online help for details.
  e:\windows kits\10\include\10.0.15063.0\ucrt\string.h(132): note: see declaration of 'strcpy'
e:\downloads\web\semester 3.1\component oriented programing\lab_1\component\component\registry.cpp(68): warning C4996: 'strcat': This function or variable may be unsafe. Consider using strcat_s instead. To disable deprecation, use _CRT_SECURE_NO_WARNINGS. See online help for details.
  e:\windows kits\10\include\10.0.15063.0\ucrt\string.h(89): note: see declaration of 'strcat'
e:\downloads\web\semester 3.1\component oriented programing\lab_1\component\component\registry.cpp(108): warning C4996: 'strcpy': This function or variable may be unsafe. Consider using strcpy_s instead. To disable deprecation, use _CRT_SECURE_NO_WARNINGS. See online help for details.
  e:\windows kits\10\include\10.0.15063.0\ucrt\string.h(132): note: see declaration of 'strcpy'
e:\downloads\web\semester 3.1\component oriented programing\lab_1\component\component\registry.cpp(109): warning C4996: 'strcat': This function or variable may be unsafe. Consider using strcat_s instead. To disable deprecation, use _CRT_SECURE_NO_WARNINGS. See online help for details.
  e:\windows kits\10\include\10.0.15063.0\ucrt\string.h(89): note: see declaration of 'strcat'
e:\downloads\web\semester 3.1\component oriented programing\lab_1\component\component\registry.cpp(146): warning C4996: 'wcstombs': This function or variable may be unsafe. Consider using wcstombs_s instead. To disable deprecation, use _CRT_SECURE_NO_WARNINGS. See online help for details.
  e:\windows kits\10\include\10.0.15063.0\ucrt\stdlib.h(1014): note: see declaration of 'wcstombs'
e:\downloads\web\semester 3.1\component oriented programing\lab_1\component\component\registry.cpp(207): warning C4996: 'strcpy': This function or variable may be unsafe. Consider using strcpy_s instead. To disable deprecation, use _CRT_SECURE_NO_WARNINGS. See online help for details.
  e:\windows kits\10\include\10.0.15063.0\ucrt\string.h(132): note: see declaration of 'strcpy'
e:\downloads\web\semester 3.1\component oriented programing\lab_1\component\component\registry.cpp(212): warning C4996: 'strcat': This function or variable may be unsafe. Consider using strcat_s instead. To disable deprecation, use _CRT_SECURE_NO_WARNINGS. See online help for details.
  e:\windows kits\10\include\10.0.15063.0\ucrt\string.h(89): note: see declaration of 'strcat'
e:\downloads\web\semester 3.1\component oriented programing\lab_1\component\component\registry.cpp(213): warning C4996: 'strcat': This function or variable may be unsafe. Consider using strcat_s instead. To disable deprecation, use _CRT_SECURE_NO_WARNINGS. See online help for details.
  e:\windows kits\10\include\10.0.15063.0\ucrt\string.h(89): note: see declaration of 'strcat'
  Generating Code...
E:\Downloads\web\Semester 3.1\Component oriented programing\lab_1\Component\Component\Component.cpp : warning C4747: Calling managed '_DllMain@12': Managed code may not be run under loader lock, including the DLL entrypoint and calls reached from the DLL entrypoint
  .NETFramework,Version=v4.0.AssemblyAttributes.cpp
  ClassFactoryCstm.obj : MSIL module encountered; incremental linking is disabled for MSIL; performing full link
Component.def : warning LNK4222: exported symbol 'DllGetClassObject' should not be assigned an ordinal
Component.def : warning LNK4222: exported symbol 'DllCanUnloadNow' should not be assigned an ordinal
Component.def : warning LNK4222: exported symbol 'DllRegisterServer' should not be assigned an ordinal
Component.def : warning LNK4222: exported symbol 'DllUnregisterServer' should not be assigned an ordinal
     Creating library E:\Downloads\web\Semester 3.1\Component oriented programing\lab_1\Component\Debug\Component.lib and object E:\Downloads\web\Semester 3.1\Component oriented programing\lab_1\Component\Debug\Component.exp
Component.exp : warning LNK4070: /OUT:Componet.dll directive in .EXP differs from output filename 'E:\Downloads\web\Semester 3.1\Component oriented programing\lab_1\Component\Debug\Component.dll'; ignoring directive
  Component.vcxproj -> E:\Downloads\web\Semester 3.1\Component oriented programing\lab_1\Component\Debug\Component.dll
